2024-08-15 19:53:41,849 [INFO] Activator:176 - 


2024-08-15 19:53:41,851 [INFO] Activator:177 - !SESSION log4j initialized
2024-08-15 19:53:43,221 [INFO] LogOutputStream:77 - [STDOUT_REDIRECT] 
2024-08-15 19:53:43,631 [ERROR] ConfigurationRetriever:142 - IOException on connection: sw-center.st.com
2024-08-15 19:53:43,632 [ERROR] ConfigurationRetriever:142 - IOException on connection: sw-center.st.com
2024-08-15 19:53:43,633 [ERROR] ConfigurationRetriever:142 - IOException on connection: sw-center.st.com
2024-08-15 19:53:45,942 [ERROR] ConfigurationRetriever:142 - IOException on connection: sw-center.st.com
2024-08-15 19:53:45,954 [ERROR] ConfigurationRetriever:142 - IOException on connection: sw-center.st.com
2024-08-15 19:53:45,955 [ERROR] ConfigurationRetriever:142 - IOException on connection: sw-center.st.com
2024-08-15 19:53:59,793 [INFO] ApplicationProperties:184 - Using Application install path: C:\ST\STM32CubeIDE_1.14.1\STM32CubeIDE\plugins\com.st.stm32cube.common.mx_6.10.0.202311202037
2024-08-15 19:53:59,817 [INFO] DbMcusXml:78 - Set database path to: C:\ST\STM32CubeIDE_1.14.1\STM32CubeIDE\plugins\com.st.stm32cube.common.mx_6.10.0.202311202037\\db\/mcu/
2024-08-15 19:53:59,817 [INFO] ApiDb:274 - Set plugin database path to: C:\ST\STM32CubeIDE_1.14.1\STM32CubeIDE\plugins\com.st.stm32cube.common.mx_6.10.0.202311202037\\db\/plugins/boardmanager/
2024-08-15 19:53:59,818 [WARN] ApiDb:259 - Overriding images path with different value:  => C:\ST\STM32CubeIDE_1.14.1\STM32CubeIDE\plugins\com.st.stm32cube.common.mx_6.10.0.202311202037\\db\/plugins/mcufinder/images/
2024-08-15 19:53:59,824 [INFO] ApiDb:250 - Set database path to: C:\Users\Admin\.stmcufinder\plugins\mcufinder//mcu/
2024-08-15 19:53:59,826 [INFO] DbMcusAds:125 - Set database path to: C:\Users\Admin\.stmcufinder\plugins\mcufinder//mcu/
2024-08-15 19:53:59,829 [INFO] CrossReferenceDbSqlite:203 - Set database path to: C:\Users\Admin\.stmcufinder\plugins\mcufinder//mcu/cs/
2024-08-15 19:53:59,946 [INFO] RulesReader:64 - Compatibility file has been processed (297 Rules)
2024-08-15 19:54:00,029 [INFO] DbMcusXml:78 - Set database path to: C:\ST\STM32CubeIDE_1.14.1\STM32CubeIDE\plugins\com.st.stm32cube.common.mx_6.10.0.202311202037\\db\/mcu/
2024-08-15 19:54:00,029 [INFO] ApiDb:274 - Set plugin database path to: C:\ST\STM32CubeIDE_1.14.1\STM32CubeIDE\plugins\com.st.stm32cube.common.mx_6.10.0.202311202037\\db\/plugins/boardmanager/
2024-08-15 19:54:00,029 [INFO] ApiDb:261 - Set plugin images path to: C:\ST\STM32CubeIDE_1.14.1\STM32CubeIDE\plugins\com.st.stm32cube.common.mx_6.10.0.202311202037\\db\/plugins/mcufinder/images/
2024-08-15 19:54:00,029 [WARN] DbFile:41 - Overriding database path with different value: C:\Users\Admin\.stmcufinder\plugins\mcufinder/ => C:\Users\Admin\.stmcufinder\plugins\mcufinder
2024-08-15 19:54:00,029 [INFO] ApiDb:250 - Set database path to: C:\Users\Admin\.stmcufinder\plugins\mcufinder//mcu/
2024-08-15 19:54:00,029 [WARN] DbFile:41 - Overriding database path with different value: C:\Users\Admin\.stmcufinder\plugins\mcufinder/ => C:\Users\Admin\.stmcufinder\plugins\mcufinder
2024-08-15 19:54:00,029 [INFO] DbMcusAds:125 - Set database path to: C:\Users\Admin\.stmcufinder\plugins\mcufinder//mcu/
2024-08-15 19:54:00,030 [WARN] DbFile:41 - Overriding database path with different value: C:\Users\Admin\.stmcufinder\plugins\mcufinder/ => C:\Users\Admin\.stmcufinder\plugins\mcufinder
2024-08-15 19:54:00,030 [WARN] DbFile:41 - Overriding database path with different value: C:\Users\Admin\.stmcufinder\plugins\mcufinder/ => C:\Users\Admin\.stmcufinder\plugins\mcufinder
2024-08-15 19:54:00,030 [INFO] CrossReferenceDbSqlite:203 - Set database path to: C:\Users\Admin\.stmcufinder\plugins\mcufinder//mcu/cs/
2024-08-15 19:54:00,098 [INFO] MainPanel:264 - HeapMemory: 268435456
2024-08-15 19:54:00,161 [INFO] DbMcusXml:78 - Set database path to: C:\ST\STM32CubeIDE_1.14.1\STM32CubeIDE\plugins\com.st.stm32cube.common.mx_6.10.0.202311202037\\db\/mcu/
2024-08-15 19:54:00,161 [INFO] ApiDb:274 - Set plugin database path to: C:\ST\STM32CubeIDE_1.14.1\STM32CubeIDE\plugins\com.st.stm32cube.common.mx_6.10.0.202311202037\\db\/plugins/boardmanager/
2024-08-15 19:54:00,162 [INFO] ApiDb:261 - Set plugin images path to: C:\ST\STM32CubeIDE_1.14.1\STM32CubeIDE\plugins\com.st.stm32cube.common.mx_6.10.0.202311202037\\db\/plugins/mcufinder/images/
2024-08-15 19:54:00,162 [WARN] DbFile:41 - Overriding database path with different value: C:\Users\Admin\.stmcufinder\plugins\mcufinder/ => C:\Users\Admin\.stmcufinder\plugins\mcufinder
2024-08-15 19:54:00,162 [INFO] ApiDb:250 - Set database path to: C:\Users\Admin\.stmcufinder\plugins\mcufinder//mcu/
2024-08-15 19:54:00,162 [WARN] DbFile:41 - Overriding database path with different value: C:\Users\Admin\.stmcufinder\plugins\mcufinder/ => C:\Users\Admin\.stmcufinder\plugins\mcufinder
2024-08-15 19:54:00,162 [INFO] DbMcusAds:125 - Set database path to: C:\Users\Admin\.stmcufinder\plugins\mcufinder//mcu/
2024-08-15 19:54:00,162 [WARN] DbFile:41 - Overriding database path with different value: C:\Users\Admin\.stmcufinder\plugins\mcufinder/ => C:\Users\Admin\.stmcufinder\plugins\mcufinder
2024-08-15 19:54:00,162 [WARN] DbFile:41 - Overriding database path with different value: C:\Users\Admin\.stmcufinder\plugins\mcufinder/ => C:\Users\Admin\.stmcufinder\plugins\mcufinder
2024-08-15 19:54:00,162 [INFO] CrossReferenceDbSqlite:203 - Set database path to: C:\Users\Admin\.stmcufinder\plugins\mcufinder//mcu/cs/
2024-08-15 19:54:00,178 [INFO] ApplicationProperties:184 - Using Application install path: C:\ST\STM32CubeIDE_1.14.1\STM32CubeIDE\plugins\com.st.stm32cube.common.mx_6.10.0.202311202037
2024-08-15 19:54:00,179 [INFO] PluginManage:196 - Search for loadable plugins [exclusion list=, ]
2024-08-15 19:54:00,181 [INFO] PluginManage:310 - Check plugin analytics
2024-08-15 19:54:00,377 [INFO] AnalyticsPlugin:253 - Accepted Software Licenses: STM32CubeMX.6.10.0,STM32CubeMX.6.11.1
2024-08-15 19:54:00,378 [INFO] AnalyticsPlugin:255 - Accepted CMSIS Pack Licenses: 
2024-08-15 19:54:00,378 [INFO] AnalyticsPlugin:257 - Accepted Firmware Licenses: FW.F4.1.27.0,FW.F4.1.28.0
2024-08-15 19:54:00,383 [INFO] PluginManage:359 - Loaded plugin analytics (category:tool,tabindex:-1)
2024-08-15 19:54:00,384 [INFO] PluginManage:310 - Check plugin cadmodel
2024-08-15 19:54:00,384 [ERROR] ConfigurationRetriever:142 - IOException on connection: sw-center.st.com
2024-08-15 19:54:00,386 [ERROR] ConfigurationRetriever:142 - IOException on connection: sw-center.st.com
2024-08-15 19:54:00,387 [ERROR] ConfigurationRetriever:142 - IOException on connection: sw-center.st.com
2024-08-15 19:54:00,393 [INFO] CADModel:105 - Init CAD model plugin
2024-08-15 19:54:00,394 [INFO] PluginManage:359 - Loaded plugin cadmodel (category:power,tabindex:5)
2024-08-15 19:54:00,394 [INFO] PluginManage:310 - Check plugin clock
2024-08-15 19:54:00,406 [INFO] PluginManage:359 - Loaded plugin clock (category:base,tabindex:2)
2024-08-15 19:54:00,406 [INFO] PluginManage:310 - Check plugin ddr
2024-08-15 19:54:00,409 [INFO] PluginManage:359 - Loaded plugin ddr (category:tool,tabindex:6)
2024-08-15 19:54:00,410 [INFO] PluginManage:310 - Check plugin filemanager
2024-08-15 19:54:00,569 [INFO] PluginManage:359 - Loaded plugin filemanager (category:base,tabindex:10)
2024-08-15 19:54:00,570 [INFO] PluginManage:310 - Check plugin ipmanager
2024-08-15 19:54:00,578 [INFO] PluginManage:359 - Loaded plugin ipmanager (category:base,tabindex:5)
2024-08-15 19:54:00,578 [INFO] PluginManage:310 - Check plugin lpbam
2024-08-15 19:54:00,589 [INFO] PluginManage:359 - Loaded plugin lpbam (category:base,tabindex:0)
2024-08-15 19:54:00,590 [INFO] PluginManage:310 - Check plugin memorymap
2024-08-15 19:54:00,601 [INFO] PluginManage:359 - Loaded plugin memorymap (category:base,tabindex:4)
2024-08-15 19:54:00,601 [INFO] PluginManage:310 - Check plugin pinoutandconfiguration
2024-08-15 19:54:00,608 [INFO] PluginManage:359 - Loaded plugin pinoutandconfiguration (category:base,tabindex:1)
2024-08-15 19:54:00,608 [INFO] PluginManage:310 - Check plugin pinoutconfig
2024-08-15 19:54:00,716 [WARN] SupportedApi:132 - Cannot load RTOS API schema: s4s-elt-must-match.1: The content of 'definitions' must match (annotation?, (simpleType | complexType)?, (unique | key | keyref)*)). A problem was found starting at: attribute.
2024-08-15 19:54:00,846 [INFO] PluginManage:359 - Loaded plugin pinoutconfig (category:base,tabindex:0)
2024-08-15 19:54:00,846 [INFO] PluginManage:310 - Check plugin power
2024-08-15 19:54:00,853 [INFO] PluginManage:359 - Loaded plugin power (category:power,tabindex:4)
2024-08-15 19:54:00,853 [INFO] PluginManage:310 - Check plugin projectmanager
2024-08-15 19:54:00,869 [INFO] PluginManage:359 - Loaded plugin projectmanager (category:projectmanager,tabindex:3)
2024-08-15 19:54:00,869 [INFO] PluginManage:310 - Check plugin thirdparty
2024-08-15 19:54:01,011 [INFO] PluginManage:359 - Loaded plugin thirdparty (category:base,tabindex:-1)
2024-08-15 19:54:01,011 [INFO] PluginManage:310 - Check plugin tools
2024-08-15 19:54:01,011 [WARN] IntegrityCheckThread:84 - waiting for thirdparty lock release [integrity check]
2024-08-15 19:54:01,012 [INFO] IntegrityCheckThread:86 - entering critical section [integrity check]
2024-08-15 19:54:01,014 [INFO] ThirdPartyUpdaterWithRetryManager:70 - Updater plugin not ready yet. [1/15]
2024-08-15 19:54:01,017 [INFO] PluginManage:359 - Loaded plugin tools (category:base,tabindex:7)
2024-08-15 19:54:01,017 [INFO] PluginManage:310 - Check plugin tutovideos
2024-08-15 19:54:01,181 [INFO] PluginManage:359 - Loaded plugin tutovideos (category:base,tabindex:-1)
2024-08-15 19:54:01,181 [INFO] PluginManage:310 - Check plugin updater
2024-08-15 19:54:01,192 [INFO] PluginManage:359 - Loaded plugin updater (category:base,tabindex:12)
2024-08-15 19:54:01,192 [INFO] PluginManage:310 - Check plugin userauth
2024-08-15 19:54:01,197 [INFO] UserAuth:114 - Init User Auth plugin
2024-08-15 19:54:01,197 [INFO] PluginManage:359 - Loaded plugin userauth (category:base,tabindex:14)
2024-08-15 19:54:01,198 [INFO] PluginManage:283 - PluginManage : Loaded plugins [17]
2024-08-15 19:54:01,392 [INFO] PinOutPanel:1499 - setPackage(No Configuration,No Configuration)
2024-08-15 19:54:01,455 [INFO] CADModel:165 - CPN selected for project level
2024-08-15 19:54:01,455 [INFO] CADModel:114 - Register for checkConnection events
2024-08-15 19:54:01,469 [INFO] IPUIPlugin:80 - create IPUIPlugin
2024-08-15 19:54:01,469 [INFO] PluginManager:220 - loadIPPluginJar : add adc
2024-08-15 19:54:01,471 [INFO] IPUIPlugin:80 - create IPUIPlugin
2024-08-15 19:54:01,471 [INFO] PluginManager:220 - loadIPPluginJar : add aes
2024-08-15 19:54:01,473 [INFO] IPUIPlugin:80 - create IPUIPlugin
2024-08-15 19:54:01,474 [INFO] PluginManager:220 - loadIPPluginJar : add can
2024-08-15 19:54:01,475 [INFO] IPUIPlugin:80 - create IPUIPlugin
2024-08-15 19:54:01,475 [INFO] PluginManager:220 - loadIPPluginJar : add comp
2024-08-15 19:54:01,476 [INFO] IPUIPlugin:80 - create IPUIPlugin
2024-08-15 19:54:01,477 [INFO] PluginManager:220 - loadIPPluginJar : add cryp
2024-08-15 19:54:01,478 [INFO] IPUIPlugin:80 - create IPUIPlugin
2024-08-15 19:54:01,478 [INFO] PluginManager:220 - loadIPPluginJar : add dfsdm
2024-08-15 19:54:01,484 [INFO] IPUIPlugin:80 - create IPUIPlugin
2024-08-15 19:54:01,484 [INFO] PluginManager:220 - loadIPPluginJar : add dma
2024-08-15 19:54:01,486 [INFO] IPUIPlugin:80 - create IPUIPlugin
2024-08-15 19:54:01,486 [INFO] PluginManager:220 - loadIPPluginJar : add dma3
2024-08-15 19:54:01,488 [INFO] IPUIPlugin:80 - create IPUIPlugin
2024-08-15 19:54:01,488 [INFO] PluginManager:220 - loadIPPluginJar : add fatfs
2024-08-15 19:54:01,491 [INFO] IPUIPlugin:80 - create IPUIPlugin
2024-08-15 19:54:01,492 [INFO] PluginManager:220 - loadIPPluginJar : add fmc
2024-08-15 19:54:01,496 [INFO] IPUIPlugin:80 - create IPUIPlugin
2024-08-15 19:54:01,496 [INFO] PluginManager:220 - loadIPPluginJar : add freertos
2024-08-15 19:54:01,498 [INFO] IPUIPlugin:80 - create IPUIPlugin
2024-08-15 19:54:01,498 [INFO] PluginManager:220 - loadIPPluginJar : add genericplugin
2024-08-15 19:54:01,499 [INFO] IPUIPlugin:80 - create IPUIPlugin
2024-08-15 19:54:01,499 [INFO] PluginManager:220 - loadIPPluginJar : add gfxmmu
2024-08-15 19:54:01,503 [INFO] IPUIPlugin:80 - create IPUIPlugin
2024-08-15 19:54:01,503 [INFO] PluginManager:220 - loadIPPluginJar : add gic
2024-08-15 19:54:01,507 [INFO] IPUIPlugin:80 - create IPUIPlugin
2024-08-15 19:54:01,507 [INFO] PluginManager:220 - loadIPPluginJar : add gpio
2024-08-15 19:54:01,509 [INFO] IPUIPlugin:80 - create IPUIPlugin
2024-08-15 19:54:01,509 [INFO] PluginManager:220 - loadIPPluginJar : add gtzc
2024-08-15 19:54:01,511 [INFO] IPUIPlugin:80 - create IPUIPlugin
2024-08-15 19:54:01,511 [INFO] PluginManager:220 - loadIPPluginJar : add hash
2024-08-15 19:54:01,513 [INFO] IPUIPlugin:80 - create IPUIPlugin
2024-08-15 19:54:01,513 [INFO] PluginManager:220 - loadIPPluginJar : add i2c
2024-08-15 19:54:01,515 [INFO] IPUIPlugin:80 - create IPUIPlugin
2024-08-15 19:54:01,515 [INFO] PluginManager:220 - loadIPPluginJar : add i2s
2024-08-15 19:54:01,517 [INFO] IPUIPlugin:80 - create IPUIPlugin
2024-08-15 19:54:01,517 [INFO] PluginManager:220 - loadIPPluginJar : add i3c
2024-08-15 19:54:01,520 [INFO] IPUIPlugin:80 - create IPUIPlugin
2024-08-15 19:54:01,520 [INFO] PluginManager:220 - loadIPPluginJar : add ipddr
2024-08-15 19:54:01,527 [INFO] IPUIPlugin:80 - create IPUIPlugin
2024-08-15 19:54:01,527 [INFO] PluginManager:220 - loadIPPluginJar : add linkedlist
2024-08-15 19:54:01,529 [INFO] IPUIPlugin:80 - create IPUIPlugin
2024-08-15 19:54:01,529 [INFO] PluginManager:220 - loadIPPluginJar : add lorawan
2024-08-15 19:54:01,530 [INFO] IPUIPlugin:80 - create IPUIPlugin
2024-08-15 19:54:01,531 [INFO] PluginManager:220 - loadIPPluginJar : add ltdc
2024-08-15 19:54:01,535 [INFO] IPUIPlugin:80 - create IPUIPlugin
2024-08-15 19:54:01,536 [INFO] PluginManager:220 - loadIPPluginJar : add mdma
2024-08-15 19:54:01,538 [INFO] IPUIPlugin:80 - create IPUIPlugin
2024-08-15 19:54:01,538 [INFO] PluginManager:220 - loadIPPluginJar : add nvic
2024-08-15 19:54:01,540 [INFO] IPUIPlugin:80 - create IPUIPlugin
2024-08-15 19:54:01,540 [INFO] PluginManager:220 - loadIPPluginJar : add opamp
2024-08-15 19:54:01,542 [INFO] IPUIPlugin:80 - create IPUIPlugin
2024-08-15 19:54:01,542 [INFO] PluginManager:220 - loadIPPluginJar : add openamp
2024-08-15 19:54:01,544 [INFO] IPUIPlugin:80 - create IPUIPlugin
2024-08-15 19:54:01,544 [INFO] PluginManager:220 - loadIPPluginJar : add pdm2pcm
2024-08-15 19:54:01,549 [INFO] IPUIPlugin:80 - create IPUIPlugin
2024-08-15 19:54:01,551 [INFO] PluginManager:220 - loadIPPluginJar : add plateformsettings
2024-08-15 19:54:01,552 [INFO] IPUIPlugin:80 - create IPUIPlugin
2024-08-15 19:54:01,552 [INFO] PluginManager:220 - loadIPPluginJar : add quadspi
2024-08-15 19:54:01,555 [INFO] IPUIPlugin:80 - create IPUIPlugin
2024-08-15 19:54:01,555 [INFO] PluginManager:220 - loadIPPluginJar : add resmgrutility
2024-08-15 19:54:01,557 [INFO] IPUIPlugin:80 - create IPUIPlugin
2024-08-15 19:54:01,557 [INFO] PluginManager:220 - loadIPPluginJar : add sai
2024-08-15 19:54:01,559 [INFO] IPUIPlugin:80 - create IPUIPlugin
2024-08-15 19:54:01,559 [INFO] PluginManager:220 - loadIPPluginJar : add spi
2024-08-15 19:54:01,562 [INFO] IPUIPlugin:80 - create IPUIPlugin
2024-08-15 19:54:01,562 [INFO] PluginManager:220 - loadIPPluginJar : add stm32_wpan
2024-08-15 19:54:01,564 [INFO] IPUIPlugin:80 - create IPUIPlugin
2024-08-15 19:54:01,564 [INFO] PluginManager:220 - loadIPPluginJar : add tim
2024-08-15 19:54:01,566 [INFO] IPUIPlugin:80 - create IPUIPlugin
2024-08-15 19:54:01,566 [INFO] PluginManager:220 - loadIPPluginJar : add touchsensing
2024-08-15 19:54:01,567 [INFO] IPUIPlugin:80 - create IPUIPlugin
2024-08-15 19:54:01,568 [INFO] PluginManager:220 - loadIPPluginJar : add tracer_emb
2024-08-15 19:54:01,569 [INFO] IPUIPlugin:80 - create IPUIPlugin
2024-08-15 19:54:01,569 [INFO] PluginManager:220 - loadIPPluginJar : add ts
2024-08-15 19:54:01,570 [INFO] IPUIPlugin:80 - create IPUIPlugin
2024-08-15 19:54:01,570 [INFO] PluginManager:220 - loadIPPluginJar : add tsc
2024-08-15 19:54:01,571 [INFO] IPUIPlugin:80 - create IPUIPlugin
2024-08-15 19:54:01,571 [INFO] PluginManager:220 - loadIPPluginJar : add ucpd
2024-08-15 19:54:01,573 [INFO] IPUIPlugin:80 - create IPUIPlugin
2024-08-15 19:54:01,573 [INFO] PluginManager:220 - loadIPPluginJar : add usart
2024-08-15 19:54:01,575 [INFO] IPUIPlugin:80 - create IPUIPlugin
2024-08-15 19:54:01,576 [INFO] PluginManager:220 - loadIPPluginJar : add usbx
2024-08-15 19:54:01,697 [INFO] CADModel:165 - CPN selected for project level
2024-08-15 19:54:01,698 [INFO] CADModel:114 - Register for checkConnection events
2024-08-15 19:54:01,698 [FATAL] Updater:308 - Updater called before beeing initialized
2024-08-15 19:54:01,698 [ERROR] CADModel:125 - Updater not yet initialized, retry later 
2024-08-15 19:54:01,826 [INFO] CADModel:165 - CPN selected for project level
2024-08-15 19:54:01,826 [INFO] CADModel:114 - Register for checkConnection events
2024-08-15 19:54:01,826 [FATAL] Updater:308 - Updater called before beeing initialized
2024-08-15 19:54:01,826 [ERROR] CADModel:125 - Updater not yet initialized, retry later 
2024-08-15 19:54:01,829 [FATAL] Updater:308 - Updater called before beeing initialized
2024-08-15 19:54:01,914 [FATAL] Updater:308 - Updater called before beeing initialized
2024-08-15 19:54:01,918 [INFO] DbMcusAds:53 - JSON generation date=Thu May 16 05:22:00 EDT 2024 (1715851320667)
2024-08-15 19:54:01,918 [FATAL] Updater:308 - Updater called before beeing initialized
2024-08-15 19:54:01,948 [WARN] DetailPanel:346 - Failed to get advertising image, set to default
2024-08-15 19:54:02,072 [FATAL] Updater:308 - Updater called before beeing initialized
2024-08-15 19:54:02,074 [FATAL] Updater:308 - Updater called before beeing initialized
2024-08-15 19:54:02,074 [FATAL] Updater:308 - Updater called before beeing initialized
2024-08-15 19:54:02,074 [WARN] DetailPanel:346 - Failed to get advertising image, set to default
2024-08-15 19:54:02,075 [FATAL] Updater:308 - Updater called before beeing initialized
2024-08-15 19:54:02,115 [ERROR] Updater:1120 - MainUpdater not yet initialized. External WinMGr cannot be set.
2024-08-15 19:54:02,117 [INFO] Updater:1056 - Updater Version found : 6.10.0
2024-08-15 19:54:02,135 [INFO] ApplicationProperties:184 - Using Application install path: C:\ST\STM32CubeIDE_1.14.1\STM32CubeIDE\plugins\com.st.stm32cube.common.mx_6.10.0.202311202037
2024-08-15 19:54:03,717 [ERROR] LogOutputStream:75 - [STDERR_REDIRECT] Aug 15, 2024 7:54:03 PM java.util.prefs.WindowsPreferences <init>
2024-08-15 19:54:03,719 [ERROR] LogOutputStream:75 - [STDERR_REDIRECT] WARNING: Could not open/create prefs root node Software\JavaSoft\Prefs at root 0xffffffff80000002. Windows RegCreateKeyEx(...) returned error code 5.
2024-08-15 19:54:03,719 [ERROR] LogOutputStream:75 - [STDERR_REDIRECT] 
2024-08-15 19:54:03,776 [INFO] MainUpdater:526 - Copy updater definitions from MX database
2024-08-15 19:54:04,016 [INFO] ThirdPartyUpdaterWithRetryManager:70 - Updater plugin not ready yet. [2/15]
2024-08-15 19:54:04,021 [INFO] MainUpdater:2873 - connection check result : 22
2024-08-15 19:54:04,022 [INFO] MainUpdater:290 - Updater Check For Update Now.
2024-08-15 19:54:04,022 [INFO] MicroXplorer:498 - Change Database Version : DB.6.0.100
2024-08-15 19:54:04,044 [INFO] McuFinderGlobals:63 - Set McuFinder mode to 2 (CubeIDE integrated)
2024-08-15 19:54:04,095 [INFO] UserAuth:404 - Internet connection configuration mode: 2
2024-08-15 19:54:04,256 [INFO] CheckServerUpdateThread:120 - End of CheckServer Thread
2024-08-15 19:54:07,158 [WARN] PackLoader:240 - Cannot read IP mode file for STMicroelectronics.FP-SNS-MOTENVWB1.1.4.0
2024-08-15 19:54:07,171 [WARN] PackLoader:240 - Cannot read IP mode file for STMicroelectronics.X-CUBE-SMBUS.2.1.0
2024-08-15 19:54:07,179 [WARN] PackLoader:240 - Cannot read IP mode file for STMicroelectronics.X-CUBE-TOUCHGFX.4.23.2
2024-08-15 19:54:07,224 [WARN] PackLoader:240 - Cannot read IP mode file for STMicroelectronics.X-CUBE-AZRTOS-F7.1.1.0
2024-08-15 19:54:07,252 [WARN] PackLoader:240 - Cannot read IP mode file for STMicroelectronics.FP-SNS-MOTENV1.4.3.2
2024-08-15 19:54:07,261 [WARN] PackLoader:240 - Cannot read IP mode file for STMicroelectronics.FP-SNS-FLIGHT1.5.0.2
2024-08-15 19:54:07,277 [WARN] PackLoader:240 - Cannot read IP mode file for STMicroelectronics.X-CUBE-DISPLAY.3.0.0
2024-08-15 19:54:07,299 [WARN] PackLoader:240 - Cannot read IP mode file for STMicroelectronics.X-CUBE-BLE1.7.0.0
2024-08-15 19:54:07,310 [WARN] PackLoader:240 - Cannot read IP mode file for emotas.I-CUBE-CANOPEN.1.3.0
2024-08-15 19:54:07,330 [WARN] PackLoader:240 - Cannot read IP mode file for STMicroelectronics.X-CUBE-BLEMGR.3.1.0
2024-08-15 19:54:07,340 [WARN] PackLoader:240 - Cannot read IP mode file for STMicroelectronics.FP-SNS-SMARTAG2.1.2.0
2024-08-15 19:54:07,350 [INFO] LogOutputStream:77 - [STDOUT_REDIRECT] 1 : Invalid condition id : UX_CORESTACK_Condition cause : null
2024-08-15 19:54:07,350 [INFO] LogOutputStream:77 - [STDOUT_REDIRECT] 1 : Invalid condition id : UX_CORESTACK_Condition cause : null
2024-08-15 19:54:07,352 [INFO] LogOutputStream:77 - [STDOUT_REDIRECT] 1 : Invalid condition id : UX_CORESTACK_Condition cause : null
2024-08-15 19:54:07,353 [INFO] LogOutputStream:77 - [STDOUT_REDIRECT] 1 : Invalid condition id : UX_CORESTACK_Condition cause : null
2024-08-15 19:54:07,354 [INFO] LogOutputStream:77 - [STDOUT_REDIRECT] 1 : Invalid condition id : UX_CORESTACK_Condition cause : null
2024-08-15 19:54:07,357 [WARN] PackLoader:240 - Cannot read IP mode file for STMicroelectronics.X-CUBE-AZRTOS-WL.2.0.0
2024-08-15 19:54:07,362 [WARN] PackLoader:240 - Cannot read IP mode file for STMicroelectronics.FP-SNS-MOTENV1.5.0.0
2024-08-15 19:54:07,368 [WARN] PackLoader:240 - Cannot read IP mode file for wolfSSL.I-CUBE-wolfMQTT.1.19.0
2024-08-15 19:54:07,376 [WARN] PackLoader:240 - Cannot read IP mode file for WES.I-CUBE-Cesium.1.3.0
2024-08-15 19:54:07,380 [WARN] PackLoader:240 - Cannot read IP mode file for STMicroelectronics.X-CUBE-BLE2.3.3.0
2024-08-15 19:54:07,386 [WARN] PackLoader:240 - Cannot read IP mode file for STMicroelectronics.X-CUBE-TCPP.4.1.0
2024-08-15 19:54:07,399 [WARN] PackLoader:240 - Cannot read IP mode file for STMicroelectronics.X-CUBE-ALGOBUILD.1.3.0
2024-08-15 19:54:07,425 [WARN] PackLoader:240 - Cannot read IP mode file for STMicroelectronics.X-CUBE-AZRTOS-G0.1.1.0
2024-08-15 19:54:07,437 [WARN] PackLoader:240 - Cannot read IP mode file for STMicroelectronics.X-CUBE-SAFEA1.1.2.2
2024-08-15 19:54:07,443 [WARN] PackLoader:240 - Cannot read IP mode file for STMicroelectronics.X-CUBE-NFC4.3.0.0
2024-08-15 19:54:07,453 [WARN] PackLoader:240 - Cannot read IP mode file for EmbeddedOffice.I-CUBE-FS-RTOS.1.0.1
2024-08-15 19:54:07,453 [ERROR] ConditionMgr:805 - Attr not supported : Dmpu
2024-08-15 19:54:07,453 [ERROR] ConditionMgr:805 - Attr not supported : Dmpu
2024-08-15 19:54:07,454 [ERROR] ConditionMgr:805 - Attr not supported : Dmpu
2024-08-15 19:54:07,454 [ERROR] ConditionMgr:805 - Attr not supported : Dmpu
2024-08-15 19:54:07,454 [ERROR] ConditionMgr:805 - Attr not supported : Dmpu
2024-08-15 19:54:07,454 [ERROR] ConditionMgr:805 - Attr not supported : Dmpu
2024-08-15 19:54:07,454 [ERROR] ConditionMgr:805 - Attr not supported : Dmpu
2024-08-15 19:54:07,454 [ERROR] ConditionMgr:805 - Attr not supported : Dmpu
2024-08-15 19:54:07,454 [ERROR] ConditionMgr:805 - Attr not supported : Dmpu
2024-08-15 19:54:07,454 [ERROR] ConditionMgr:805 - Attr not supported : Dmpu
2024-08-15 19:54:07,454 [ERROR] ConditionMgr:805 - Attr not supported : Dmpu
2024-08-15 19:54:07,454 [ERROR] ConditionMgr:805 - Attr not supported : Dmpu
2024-08-15 19:54:07,454 [ERROR] ConditionMgr:805 - Attr not supported : Dmpu
2024-08-15 19:54:07,454 [ERROR] ConditionMgr:805 - Attr not supported : Dmpu
2024-08-15 19:54:07,454 [ERROR] ConditionMgr:805 - Attr not supported : Dmpu
2024-08-15 19:54:07,454 [ERROR] ConditionMgr:805 - Attr not supported : Dmpu
2024-08-15 19:54:07,454 [ERROR] ConditionMgr:805 - Attr not supported : Dmpu
2024-08-15 19:54:07,454 [ERROR] ConditionMgr:805 - Attr not supported : Dmpu
2024-08-15 19:54:07,454 [ERROR] ConditionMgr:805 - Attr not supported : Dmpu
2024-08-15 19:54:07,455 [ERROR] ConditionMgr:805 - Attr not supported : Dmpu
2024-08-15 19:54:07,455 [ERROR] ConditionMgr:805 - Attr not supported : Dmpu
2024-08-15 19:54:07,455 [ERROR] ConditionMgr:805 - Attr not supported : Dmpu
2024-08-15 19:54:07,455 [ERROR] ConditionMgr:805 - Attr not supported : Dmpu
2024-08-15 19:54:07,455 [ERROR] ConditionMgr:805 - Attr not supported : Dmpu
2024-08-15 19:54:07,455 [ERROR] ConditionMgr:805 - Attr not supported : Dmpu
2024-08-15 19:54:07,455 [ERROR] ConditionMgr:805 - Attr not supported : Dmpu
2024-08-15 19:54:07,455 [ERROR] ConditionMgr:805 - Attr not supported : Dmpu
2024-08-15 19:54:07,455 [ERROR] ConditionMgr:805 - Attr not supported : Dmpu
2024-08-15 19:54:07,455 [ERROR] ConditionMgr:805 - Attr not supported : Dmpu
2024-08-15 19:54:07,455 [ERROR] ConditionMgr:805 - Attr not supported : Dmpu
2024-08-15 19:54:07,455 [ERROR] ConditionMgr:805 - Attr not supported : Dmpu
2024-08-15 19:54:07,455 [ERROR] ConditionMgr:805 - Attr not supported : Dmpu
2024-08-15 19:54:07,455 [ERROR] ConditionMgr:805 - Attr not supported : Dmpu
2024-08-15 19:54:07,455 [ERROR] ConditionMgr:805 - Attr not supported : Dmpu
2024-08-15 19:54:07,455 [ERROR] ConditionMgr:805 - Attr not supported : Dmpu
2024-08-15 19:54:07,455 [ERROR] ConditionMgr:805 - Attr not supported : Dmpu
2024-08-15 19:54:07,455 [ERROR] ConditionMgr:805 - Attr not supported : Dmpu
2024-08-15 19:54:07,455 [ERROR] ConditionMgr:805 - Attr not supported : Dmpu
2024-08-15 19:54:07,455 [ERROR] ConditionMgr:805 - Attr not supported : Dmpu
2024-08-15 19:54:07,455 [ERROR] ConditionMgr:805 - Attr not supported : Dmpu
2024-08-15 19:54:07,455 [ERROR] ConditionMgr:805 - Attr not supported : Dmpu
2024-08-15 19:54:07,455 [ERROR] ConditionMgr:805 - Attr not supported : Dmpu
2024-08-15 19:54:07,456 [ERROR] ConditionMgr:805 - Attr not supported : Dmpu
2024-08-15 19:54:07,456 [ERROR] ConditionMgr:805 - Attr not supported : Dmpu
2024-08-15 19:54:07,456 [ERROR] ConditionMgr:805 - Attr not supported : Dmpu
2024-08-15 19:54:07,456 [ERROR] ConditionMgr:805 - Attr not supported : Dmpu
2024-08-15 19:54:07,456 [ERROR] ConditionMgr:805 - Attr not supported : Dmpu
2024-08-15 19:54:07,456 [ERROR] ConditionMgr:805 - Attr not supported : Dmpu
2024-08-15 19:54:07,456 [ERROR] ConditionMgr:805 - Attr not supported : Dmpu
2024-08-15 19:54:07,456 [ERROR] ConditionMgr:805 - Attr not supported : Dmpu
2024-08-15 19:54:07,456 [ERROR] ConditionMgr:805 - Attr not supported : Dmpu
2024-08-15 19:54:07,456 [ERROR] ConditionMgr:805 - Attr not supported : Dmpu
2024-08-15 19:54:07,456 [ERROR] ConditionMgr:805 - Attr not supported : Dmpu
2024-08-15 19:54:07,456 [ERROR] ConditionMgr:805 - Attr not supported : Dmpu
2024-08-15 19:54:07,456 [ERROR] ConditionMgr:805 - Attr not supported : Dmpu
2024-08-15 19:54:07,456 [ERROR] ConditionMgr:805 - Attr not supported : Dmpu
2024-08-15 19:54:07,456 [ERROR] ConditionMgr:805 - Attr not supported : Dmpu
2024-08-15 19:54:07,456 [ERROR] ConditionMgr:805 - Attr not supported : Dmpu
2024-08-15 19:54:07,456 [ERROR] ConditionMgr:805 - Attr not supported : Dmpu
2024-08-15 19:54:07,456 [ERROR] ConditionMgr:805 - Attr not supported : Dmpu
2024-08-15 19:54:07,456 [ERROR] ConditionMgr:805 - Attr not supported : Dmpu
2024-08-15 19:54:07,456 [ERROR] ConditionMgr:805 - Attr not supported : Dmpu
2024-08-15 19:54:07,456 [ERROR] ConditionMgr:805 - Attr not supported : Dmpu
2024-08-15 19:54:07,456 [ERROR] ConditionMgr:805 - Attr not supported : Dmpu
2024-08-15 19:54:07,464 [WARN] PackLoader:240 - Cannot read IP mode file for STMicroelectronics.X-CUBE-BLEMGR.3.0.0
2024-08-15 19:54:07,471 [WARN] PackLoader:240 - Cannot read IP mode file for RealThread.X-CUBE-RT-Thread_Nano.4.1.1
2024-08-15 19:54:07,476 [WARN] PackLoader:240 - Cannot read IP mode file for wolfSSL.I-CUBE-wolfSSL.5.7.0
2024-08-15 19:54:07,480 [WARN] PackLoader:240 - Cannot read IP mode file for STMicroelectronics.FP-ATR-SIGFOX1.3.2.0
2024-08-15 19:54:07,487 [WARN] PackLoader:240 - Cannot read IP mode file for ITTIA_DB.I-CUBE-ITTIADB.8.9.0
2024-08-15 19:54:07,519 [WARN] PackLoader:240 - Cannot read IP mode file for SEGGER.I-CUBE-embOS.1.3.1
2024-08-15 19:54:07,553 [WARN] PackLoader:240 - Cannot read IP mode file for STMicroelectronics.X-CUBE-ALGOBUILD.1.4.0
2024-08-15 19:54:07,569 [WARN] PackLoader:240 - Cannot read IP mode file for STMicroelectronics.X-CUBE-GNSS1.6.0.0
2024-08-15 19:54:07,587 [WARN] PackLoader:240 - Cannot read IP mode file for STMicroelectronics.X-CUBE-AZRTOS-F4.1.1.0
2024-08-15 19:54:07,598 [WARN] PackLoader:240 - Cannot read IP mode file for STMicroelectronics.X-CUBE-FREERTOS.1.2.0
2024-08-15 19:54:07,616 [WARN] PackLoader:240 - Cannot read IP mode file for STMicroelectronics.X-CUBE-AZRTOS-L5.2.0.0
2024-08-15 19:54:07,628 [WARN] PackLoader:240 - Cannot read IP mode file for STMicroelectronics.X-CUBE-NFC6.3.1.0
2024-08-15 19:54:07,635 [WARN] PackLoader:240 - Cannot read IP mode file for STMicroelectronics.X-CUBE-DPower.1.2.0
2024-08-15 19:54:07,640 [WARN] PackLoader:240 - Cannot read IP mode file for STMicroelectronics.X-CUBE-AI.9.0.0
2024-08-15 19:54:07,644 [WARN] PackLoader:240 - Cannot read IP mode file for STMicroelectronics.X-CUBE-NFC7.1.0.1
2024-08-15 19:54:07,648 [WARN] PackLoader:240 - Cannot read IP mode file for wolfSSL.I-CUBE-wolfTPM.3.2.0
2024-08-15 19:54:07,652 [WARN] PackLoader:240 - Cannot read IP mode file for STMicroelectronics.X-CUBE-AI.8.1.0
2024-08-15 19:54:07,669 [WARN] ConditionMgr:438 - getConditionDescription Invalid condition id : LAN8742 Phy interface Condition cause : null
2024-08-15 19:54:07,670 [WARN] PackLoader:240 - Cannot read IP mode file for STMicroelectronics.X-CUBE-AZRTOS-L4.2.0.0
2024-08-15 19:54:07,670 [WARN] ConditionMgr:1039 - genDependencies : Invalid condition id : LAN8742 Phy interface Condition cause : null
2024-08-15 19:54:07,671 [WARN] ConditionMgr:1039 - genDependencies : Invalid condition id : LAN8742 Phy interface Condition cause : null
2024-08-15 19:54:07,671 [WARN] ConditionMgr:1039 - genDependencies : Invalid condition id : LAN8742 Phy interface Condition cause : null
2024-08-15 19:54:07,677 [WARN] PackLoader:240 - Cannot read IP mode file for STMicroelectronics.X-CUBE-SFXS2LP1.4.0.0
2024-08-15 19:54:07,689 [WARN] ConditionMgr:438 - getConditionDescription Invalid condition id : UX DEVICE CLASS RTOS Condition cause : null
2024-08-15 19:54:07,689 [WARN] ConditionMgr:438 - getConditionDescription Invalid condition id : UX DEVICE CLASS RTOS Condition cause : null
2024-08-15 19:54:07,692 [WARN] PackLoader:240 - Cannot read IP mode file for STMicroelectronics.X-CUBE-AZRTOS-WB.2.0.0
2024-08-15 19:54:07,692 [WARN] ConditionMgr:1039 - genDependencies : Invalid condition id : UX DEVICE CLASS RTOS Condition cause : null
2024-08-15 19:54:07,692 [WARN] ConditionMgr:1039 - genDependencies : Invalid condition id : UX DEVICE CLASS RTOS Condition cause : null
2024-08-15 19:54:07,692 [WARN] ConditionMgr:1039 - genDependencies : Invalid condition id : UX DEVICE CLASS RTOS Condition cause : null
2024-08-15 19:54:07,693 [WARN] ConditionMgr:1039 - genDependencies : Invalid condition id : UX DEVICE CLASS RTOS Condition cause : null
2024-08-15 19:54:07,693 [WARN] ConditionMgr:1039 - genDependencies : Invalid condition id : UX DEVICE CLASS RTOS Condition cause : null
2024-08-15 19:54:07,698 [WARN] PackLoader:240 - Cannot read IP mode file for STMicroelectronics.FP-SNS-STBOX1.2.0.0
2024-08-15 19:54:07,708 [WARN] PackLoader:240 - Cannot read IP mode file for STMicroelectronics.X-CUBE-SUBG2.5.0.0
2024-08-15 19:54:07,717 [WARN] PackLoader:240 - Cannot read IP mode file for Cesanta.I-CUBE-Mongoose.7.13.0
2024-08-15 19:54:07,730 [WARN] PackLoader:240 - Cannot read IP mode file for STMicroelectronics.X-CUBE-AZRTOS-G4.2.0.0
2024-08-15 19:54:07,737 [WARN] PackLoader:240 - Cannot read IP mode file for STMicroelectronics.FP-SNS-MOTENVWB1.1.3.1
2024-08-15 19:54:07,743 [WARN] PackLoader:240 - Cannot read IP mode file for STMicroelectronics.X-CUBE-ISPU.2.0.0
2024-08-15 19:54:07,749 [WARN] PackLoader:240 - Cannot read IP mode file for STMicroelectronics.X-CUBE-ALS.1.0.2
2024-08-15 19:54:07,791 [WARN] PackLoader:240 - Cannot read IP mode file for STMicroelectronics.X-CUBE-MEMS1.10.0.0
2024-08-15 19:54:07,868 [WARN] PackLoader:240 - Cannot read IP mode file for STMicroelectronics.X-CUBE-FREERTOS.1.1.0
2024-08-15 19:54:07,871 [WARN] PackLoader:240 - Cannot read IP mode file for STMicroelectronics.X-CUBE-TOUCHGFX.4.24.0
2024-08-15 19:54:07,876 [WARN] PackLoader:240 - Cannot read IP mode file for portGmbH.I-Cube-SoM-uGOAL.1.1.0
2024-08-15 19:54:07,879 [WARN] PackLoader:240 - Cannot read IP mode file for STMicroelectronics.X-CUBE-ALS.1.0.1
2024-08-15 19:54:07,889 [WARN] PackLoader:240 - Cannot read IP mode file for STMicroelectronics.X-CUBE-AZRTOS-H7RS.1.0.0
2024-08-15 19:54:07,895 [WARN] PackLoader:240 - Cannot read IP mode file for STMicroelectronics.FP-ATR-ASTRA1.2.0.0
2024-08-15 19:54:07,901 [WARN] PackLoader:240 - Cannot read IP mode file for STMicroelectronics.X-CUBE-TOF1.3.4.2
2024-08-15 19:54:07,913 [WARN] PackLoader:240 - Cannot read IP mode file for STMicroelectronics.X-CUBE-TOF1.3.4.1
2024-08-15 19:54:07,930 [WARN] PackLoader:240 - Cannot read IP mode file for STMicroelectronics.X-CUBE-AZRTOS-H7.3.2.0
2024-08-15 19:54:07,939 [WARN] PackLoader:240 - Cannot read IP mode file for Infineon.AIROC-Wi-Fi-Bluetooth-STM32.1.6.0
2024-08-15 19:54:07,954 [WARN] PackLoader:240 - Cannot read IP mode file for wolfSSL.I-CUBE-wolfSSH.1.4.17
2024-08-15 19:54:07,955 [INFO] ThirdParty:978 - Integrity check success = true
2024-08-15 19:54:07,956 [INFO] IntegrityCheckThread:100 - exiting critical section [integrity check]
2024-08-15 19:54:07,956 [INFO] IntegrityCheckThread:103 - End integrity checks thread
2024-08-15 19:54:24,932 [ERROR] LogOutputStream:75 - [STDERR_REDIRECT] SLF4J: Failed to load class "org.slf4j.impl.StaticLoggerBinder".
2024-08-15 19:54:24,933 [ERROR] LogOutputStream:75 - [STDERR_REDIRECT] SLF4J: Defaulting to no-operation (NOP) logger implementation
2024-08-15 19:54:24,935 [ERROR] LogOutputStream:75 - [STDERR_REDIRECT] SLF4J: See http://www.slf4j.org/codes.html#StaticLoggerBinder for further details.
